<?xml version="1.0" encoding="UTF-8"?>
<testng-results ignored="0" total="1" passed="1" failed="0" skipped="0">
  <reporter-output>
  </reporter-output>
  <suite started-at="2024-02-29T16:42:39 IST" name="Default suite" finished-at="2024-02-29T16:43:04 IST" duration-ms="24581">
    <groups>
    </groups>
    <test started-at="2024-02-29T16:42:39 IST" name="Default test" finished-at="2024-02-29T16:43:04 IST" duration-ms="24581">
      <class name="Pagetest.Logintest">
        <test-method is-config="true" signature="loadConfig()[pri:0, instance:Pagetest.Logintest@1b2abca6]" started-at="2024-02-29T16:42:39 IST" name="loadConfig" finished-at="2024-02-29T16:42:39 IST" duration-ms="6" status="PASS">
          <reporter-output>
          </reporter-output>
        </test-method> <!-- loadConfig -->
        <test-method is-config="true" signature="setup()[pri:0, instance:Pagetest.Logintest@1b2abca6]" started-at="2024-02-29T16:42:39 IST" name="setup" finished-at="2024-02-29T16:42:48 IST" depends-on-methods="Pageobjects.base.loadConfig" duration-ms="9235" status="PASS">
          <reporter-output>
          </reporter-output>
        </test-method> <!-- setup -->
        <test-method signature="logintest()[pri:0, instance:Pagetest.Logintest@1b2abca6]" started-at="2024-02-29T16:42:48 IST" name="logintest" finished-at="2024-02-29T16:43:04 IST" duration-ms="15204" status="PASS">
          <reporter-output>
          </reporter-output>
        </test-method> <!-- logintest -->
        <test-method is-config="true" signature="tearDown()[pri:0, instance:Pagetest.Logintest@1b2abca6]" started-at="2024-02-29T16:43:04 IST" name="tearDown" finished-at="2024-02-29T16:43:04 IST" duration-ms="102" status="PASS">
          <reporter-output>
          </reporter-output>
        </test-method> <!-- tearDown -->
      </class> <!-- Pagetest.Logintest -->
    </test> <!-- Default test -->
  </suite> <!-- Default suite -->
</testng-results>
